2026-02-28 03:51:21,025 DEBUG    root            Loaded Command Group: ['gcloud', 'auth']
2026-02-28 03:51:21,027 DEBUG    root            Loaded Command Group: ['gcloud', 'auth', 'configure_docker']
2026-02-28 03:51:21,029 DEBUG    root            Running [gcloud.auth.configure-docker] with arguments: [--quiet: "True"]
2026-02-28 03:51:21,057 WARNING  root            Your config file at [/home/jupyter/.docker/config.json] contains these credential helper entries:

{
  "credHelpers": {
    "gcr.io": "gcloud",
    "us.gcr.io": "gcloud",
    "eu.gcr.io": "gcloud",
    "asia.gcr.io": "gcloud",
    "staging-k8s.gcr.io": "gcloud",
    "marketplace.gcr.io": "gcloud",
    "us-central1-docker.pkg.dev": "gcloud"
  }
}
2026-02-28 03:51:21,058 INFO     ___FILE_ONLY___ Adding credentials for all GCR repositories.

2026-02-28 03:51:21,058 WARNING  root            A long list of credential helpers may cause delays running 'docker build'. We recommend passing the registry name to configure only the registry you are using.
2026-02-28 03:51:21,058 INFO     ___FILE_ONLY___ gcloud credential helpers already registered correctly.

2026-02-28 03:51:21,058 DEBUG    root            Chosen display Format:default
2026-02-28 03:51:21,059 INFO     root            Display format: "default"
2026-02-28 03:51:21,098 DEBUG    root            SDK update checks are disabled.
